<?xml version="1.0" encoding="UTF-8" ?>
<testsuite tests="27" failures="0" name="projetPOO01.Tests.TestClasseMere" time="0" errors="0" skipped="0">
  <properties>
[...]
</properties>
  <testcase classname="projetPOO01.Tests.testsPersonne" name="testSetCodepostal" time="0"/>
  <testcase classname="projetPOO01.Tests.testsPersonne" name="testGetVille" time="0"/>
  <testcase classname="projetPOO01.Tests.testsPersonne" name="testGetAdresse" time="0"/>
  <testcase classname="projetPOO01.Tests.testsPersonne" name="testSetAdresse" time="0"/>
  <testcase classname="projetPOO01.Tests.testsPersonne" name="testPersonne" time="0"/>
  <testcase classname="projetPOO01.Tests.testsPersonne" name="testSetPrenom" time="0"/>
  <testcase classname="projetPOO01.Tests.testsPersonne" name="testGetNom" time="0"/>
  <testcase classname="projetPOO01.Tests.testsPersonne" name="testGetPrenom" time="0"/>
  <testcase classname="projetPOO01.Tests.testsPersonne" name="testGetCodepostal" time="0"/>
  <testcase classname="projetPOO01.Tests.testsPersonne" name="testSetNom" time="0"/>
  <testcase classname="projetPOO01.Tests.testsPersonne" name="testSetVille" time="0"/>
  <testcase classname="projetPOO01.Tests.testsAchat" name="testSetIntituleAchat" time="0"/>
  <testcase classname="projetPOO01.Tests.testsAchat" name="testSetQuantiteAchat" time="0"/>
  <testcase classname="projetPOO01.Tests.testsAchat" name="testAchat" time="0"/>
  <testcase classname="projetPOO01.Tests.testsAchat" name="testToString" time="0"/>
  <testcase classname="projetPOO01.Tests.testsAchat" name="testGetDate" time="0"/>
  <testcase classname="projetPOO01.Tests.testsAchat" name="testGetIntituleAchat" time="0"/>
  <testcase classname="projetPOO01.Tests.testsAchat" name="testGetQuantiteAchat" time="0"/>
  <testcase classname="projetPOO01.Tests.testsAchat" name="testSetDate" time="0"/>
  <testcase classname="projetPOO01.Tests.testsCommande" name="testGetIntitulecommande" time="0"/>
  <testcase classname="projetPOO01.Tests.testsCommande" name="testGetQuantiteCommande" time="0"/>
  <testcase classname="projetPOO01.Tests.testsCommande" name="testToString" time="0"/>
  <testcase classname="projetPOO01.Tests.testsCommande" name="testGetDate" time="0"/>
  <testcase classname="projetPOO01.Tests.testsCommande" name="testcommande" time="0"/>
  <testcase classname="projetPOO01.Tests.testsCommande" name="testSetIntitulecommande" time="0"/>
  <testcase classname="projetPOO01.Tests.testsCommande" name="testSetQuantiteCommande" time="0"/>
  <testcase classname="projetPOO01.Tests.testsCommande" name="testSetDate" time="0"/>
</testsuite>